Unable to capture context for thread 10528 in process 3768, can not generate back trace
Exception at PC 0x00007FF9CA3DBB93
Printing stacktrace...

[0]  [0x00007FF9CA3DBB93]
[1]  [0x00007FF9CA3DBB93]
[2]  [0x00007FF9CA3DB4A1]
[3]  [0x00007FF9CA3DB3EF]
[4]  [0x00007FF9CA3C19FE]
[5]  [0x00007FF9CA3C0ED1]
[6]  [0x00007FF9CA3C0D76]
[7]  [0x00007FF9CA3679F6]
[8]  [0x00007FF9CA357AFB]
[9]  [0x00007FF9CA47E90A]
[10]  [0x00007FF9CA499F87]
[11]  [0x00007FF9CA49A05F]
[12] (BaseThreadInitThunk+0x14) [0x00007FFA3E053034]
[13] (RtlUserThreadStart+0x21) [0x00007FFA3FDC1461]
Done
Exception at PC 0x00007FF9CA0E1A52
Attemped to write at address 0x00007FF9F822ABA4
Printing stacktrace...

[0]  [0x00007FF9CA0E1A52]
[1]  [0x00007FF9CA0E1A52]
[2]  [0x00007FF9CA0E1AD4]
[3]  [0x00007FF9CA223FF7]
[4]  [0x00007FF9CA109128]
[5]  [0x00007FF9CA3BDFB9]
[6]  [0x00007FF9CA58EF23]
[7]  [0x00007FF9CA49B06B]
[8]  [0x00007FF9CA4908AF]
[9]  [0x00007FF9CA490A32]
[10] (RtlActivateActivationContextUnsafeFast+0x123) [0x00007FFA3FD84053]
[11] (LdrShutdownProcess+0x125) [0x00007FFA3FD90A05]
[12] (RtlExitUserProcess+0xd8) [0x00007FFA3FD908C8]
[13] (FatalExit+0xa) [0x00007FFA3E05B19A]
[14] (exit+0x75) [0x00007FFA3E139CE5]
[15] (initterm_e+0x235) [0x00007FFA3E13A345]
[16]  [0x00000000004014CD]
[17]  [0x000000000040151B]
[18] (BaseThreadInitThunk+0x14) [0x00007FFA3E053034]
[19] (RtlUserThreadStart+0x21) [0x00007FFA3FDC1461]
Done
